Determining if the pthread_create exist failed with the following output:
Change Dir: /home/kasun/catkin_ws/build/min_snap_ros/CMakeFiles/CMakeTmp

Run Build Command:"/usr/bin/make" "cmTC_077dc/fast"
/usr/bin/make -f CMakeFiles/cmTC_077dc.dir/build.make CMakeFiles/cmTC_077dc.dir/build
make[1]: Entering directory '/home/kasun/catkin_ws/build/min_snap_ros/CMakeFiles/CMakeTmp'
Building C object CMakeFiles/cmTC_077dc.dir/CheckSymbolExists.c.o
/usr/bin/cc     -o CMakeFiles/cmTC_077dc.dir/CheckSymbolExists.c.o   -c /home/kasun/catkin_ws/build/min_snap_ros/CMakeFiles/CMakeTmp/CheckSymbolExists.c
Linking C executable cmTC_077dc
/usr/bin/cmake -E cmake_link_script CMakeFiles/cmTC_077dc.dir/link.txt --verbose=1
/usr/bin/cc       CMakeFiles/cmTC_077dc.dir/CheckSymbolExists.c.o  -o cmTC_077dc -rdynamic 
CMakeFiles/cmTC_077dc.dir/CheckSymbolExists.c.o: In function `main':
CheckSymbolExists.c:(.text+0x16): undefined reference to `pthread_create'
collect2: error: ld returned 1 exit status
CMakeFiles/cmTC_077dc.dir/build.make:97: recipe for target 'cmTC_077dc' failed
make[1]: *** [cmTC_077dc] Error 1
make[1]: Leaving directory '/home/kasun/catkin_ws/build/min_snap_ros/CMakeFiles/CMakeTmp'
Makefile:126: recipe for target 'cmTC_077dc/fast' failed
make: *** [cmTC_077dc/fast] Error 2

File /home/kasun/catkin_ws/build/min_snap_ros/CMakeFiles/CMakeTmp/CheckSymbolExists.c:
/* */
#include <pthread.h>

int main(int argc, char** argv)
{
  (void)argv;
#ifndef pthread_create
  return ((int*)(&pthread_create))[argc];
#else
  (void)argc;
  return 0;
#endif
}

Determining if the function pthread_create exists in the pthreads failed with the following output:
Change Dir: /home/kasun/catkin_ws/build/min_snap_ros/CMakeFiles/CMakeTmp

Run Build Command:"/usr/bin/make" "cmTC_52dba/fast"
/usr/bin/make -f CMakeFiles/cmTC_52dba.dir/build.make CMakeFiles/cmTC_52dba.dir/build
make[1]: Entering directory '/home/kasun/catkin_ws/build/min_snap_ros/CMakeFiles/CMakeTmp'
Building C object CMakeFiles/cmTC_52dba.dir/CheckFunctionExists.c.o
/usr/bin/cc    -DCHECK_FUNCTION_EXISTS=pthread_create   -o CMakeFiles/cmTC_52dba.dir/CheckFunctionExists.c.o   -c /usr/share/cmake-3.5/Modules/CheckFunctionExists.c
Linking C executable cmTC_52dba
/usr/bin/cmake -E cmake_link_script CMakeFiles/cmTC_52dba.dir/link.txt --verbose=1
/usr/bin/cc   -DCHECK_FUNCTION_EXISTS=pthread_create    CMakeFiles/cmTC_52dba.dir/CheckFunctionExists.c.o  -o cmTC_52dba -rdynamic -lpthreads 
/usr/bin/ld: cannot find -lpthreads
collect2: error: ld returned 1 exit status
CMakeFiles/cmTC_52dba.dir/build.make:97: recipe for target 'cmTC_52dba' failed
make[1]: *** [cmTC_52dba] Error 1
make[1]: Leaving directory '/home/kasun/catkin_ws/build/min_snap_ros/CMakeFiles/CMakeTmp'
Makefile:126: recipe for target 'cmTC_52dba/fast' failed
make: *** [cmTC_52dba/fast] Error 2


