[  0%] Built target qcontrol_defs_generate_messages_py
[ 28%] Built target min_snap
[ 28%] Built target qcontrol_defs_generate_messages_nodejs
[ 28%] Built target qcontrol_defs_generate_messages_lisp
[ 28%] Built target qcontrol_defs_generate_messages_eus
[ 28%] Built target qcontrol_defs_generate_messages_cpp
[ 28%] Built target rosgraph_msgs_generate_messages_nodejs
[ 28%] Built target geometry_msgs_generate_messages_py
[ 28%] Built target geometry_msgs_generate_messages_cpp
[ 28%] Built target roscpp_generate_messages_cpp
[ 28%] Built target geometry_msgs_generate_messages_eus
[ 28%] Built target geometry_msgs_generate_messages_lisp
[ 28%] Built target std_msgs_generate_messages_cpp
[ 28%] Built target std_msgs_generate_messages_lisp
[ 28%] Built target std_msgs_generate_messages_py
[ 28%] Built target geometry_msgs_generate_messages_nodejs
[ 28%] Built target rosgraph_msgs_generate_messages_cpp
[ 28%] Built target std_msgs_generate_messages_nodejs
[ 28%] Built target roscpp_generate_messages_eus
[ 28%] Built target roscpp_generate_messages_lisp
[ 28%] Built target std_msgs_generate_messages_eus
[ 28%] Built target rosgraph_msgs_generate_messages_lisp
[ 28%] Built target rosgraph_msgs_generate_messages_py
[ 28%] Built target roscpp_generate_messages_nodejs
[ 28%] Built target roscpp_generate_messages_py
[ 42%] Built target OpenBLAS_INSTALL
[ 42%] Built target rosgraph_msgs_generate_messages_eus
[ 71%] Built target test_solver
[100%] Built target min_snap_ros_node
