[  0%] Built target _qcontrol_defs_generate_messages_check_deps_PosControl
[  0%] Built target _qcontrol_defs_generate_messages_check_deps_ConstraintValue
[  0%] Built target _qcontrol_defs_generate_messages_check_deps_AccControl
[  0%] Built target _qcontrol_defs_generate_messages_check_deps_ConstraintAxis
[  0%] Built target std_msgs_generate_messages_py
[  0%] Built target _qcontrol_defs_generate_messages_check_deps_SimplePathPlan
[  0%] Built target _qcontrol_defs_generate_messages_check_deps_PVA
[  0%] Built target _qcontrol_defs_generate_messages_check_deps_VelControl
[  0%] Built target geometry_msgs_generate_messages_py
[  0%] Built target _qcontrol_defs_generate_messages_check_deps_WayPoints
[  0%] Built target _qcontrol_defs_generate_messages_check_deps_QuadState
[  0%] Built target _qcontrol_defs_generate_messages_check_deps_CommandAction
[  0%] Built target _qcontrol_defs_generate_messages_check_deps_updatePx4param
[  0%] Built target _qcontrol_defs_generate_messages_check_deps_Trajectory
[  0%] Built target _qcontrol_defs_generate_messages_check_deps_PathPlan
[  0%] Built target _qcontrol_defs_generate_messages_check_deps_AttControl
[  0%] Built target geometry_msgs_generate_messages_eus
[  0%] Built target std_msgs_generate_messages_eus
[  0%] Built target geometry_msgs_generate_messages_cpp
[  0%] Built target std_msgs_generate_messages_cpp
[  0%] Built target geometry_msgs_generate_messages_lisp
[  0%] Built target std_msgs_generate_messages_lisp
[  0%] Built target std_msgs_generate_messages_nodejs
[  0%] Built target geometry_msgs_generate_messages_nodejs
[ 21%] Built target qcontrol_defs_generate_messages_py
[ 42%] Built target qcontrol_defs_generate_messages_eus
[ 61%] Built target qcontrol_defs_generate_messages_lisp
[ 80%] Built target qcontrol_defs_generate_messages_cpp
[100%] Built target qcontrol_defs_generate_messages_nodejs
[100%] Built target qcontrol_defs_generate_messages
