Determining if the pthread_create exist failed with the following output:
Change Dir: /home/kasun/catkin_ws/build/spacenav_node/CMakeFiles/CMakeTmp

Run Build Command:"/usr/bin/make" "cmTC_ab639/fast"
/usr/bin/make -f CMakeFiles/cmTC_ab639.dir/build.make CMakeFiles/cmTC_ab639.dir/build
make[1]: Entering directory '/home/kasun/catkin_ws/build/spacenav_node/CMakeFiles/CMakeTmp'
Building C object CMakeFiles/cmTC_ab639.dir/CheckSymbolExists.c.o
/usr/bin/cc     -o CMakeFiles/cmTC_ab639.dir/CheckSymbolExists.c.o   -c /home/kasun/catkin_ws/build/spacenav_node/CMakeFiles/CMakeTmp/CheckSymbolExists.c
Linking C executable cmTC_ab639
/usr/bin/cmake -E cmake_link_script CMakeFiles/cmTC_ab639.dir/link.txt --verbose=1
/usr/bin/cc       CMakeFiles/cmTC_ab639.dir/CheckSymbolExists.c.o  -o cmTC_ab639 -rdynamic 
CMakeFiles/cmTC_ab639.dir/CheckSymbolExists.c.o: In function `main':
CheckSymbolExists.c:(.text+0x16): undefined reference to `pthread_create'
collect2: error: ld returned 1 exit status
CMakeFiles/cmTC_ab639.dir/build.make:97: recipe for target 'cmTC_ab639' failed
make[1]: *** [cmTC_ab639] Error 1
make[1]: Leaving directory '/home/kasun/catkin_ws/build/spacenav_node/CMakeFiles/CMakeTmp'
Makefile:126: recipe for target 'cmTC_ab639/fast' failed
make: *** [cmTC_ab639/fast] Error 2

File /home/kasun/catkin_ws/build/spacenav_node/CMakeFiles/CMakeTmp/CheckSymbolExists.c:
/* */
#include <pthread.h>

int main(int argc, char** argv)
{
  (void)argv;
#ifndef pthread_create
  return ((int*)(&pthread_create))[argc];
#else
  (void)argc;
  return 0;
#endif
}

Determining if the function pthread_create exists in the pthreads failed with the following output:
Change Dir: /home/kasun/catkin_ws/build/spacenav_node/CMakeFiles/CMakeTmp

Run Build Command:"/usr/bin/make" "cmTC_16f54/fast"
/usr/bin/make -f CMakeFiles/cmTC_16f54.dir/build.make CMakeFiles/cmTC_16f54.dir/build
make[1]: Entering directory '/home/kasun/catkin_ws/build/spacenav_node/CMakeFiles/CMakeTmp'
Building C object CMakeFiles/cmTC_16f54.dir/CheckFunctionExists.c.o
/usr/bin/cc    -DCHECK_FUNCTION_EXISTS=pthread_create   -o CMakeFiles/cmTC_16f54.dir/CheckFunctionExists.c.o   -c /usr/share/cmake-3.5/Modules/CheckFunctionExists.c
Linking C executable cmTC_16f54
/usr/bin/cmake -E cmake_link_script CMakeFiles/cmTC_16f54.dir/link.txt --verbose=1
/usr/bin/cc   -DCHECK_FUNCTION_EXISTS=pthread_create    CMakeFiles/cmTC_16f54.dir/CheckFunctionExists.c.o  -o cmTC_16f54 -rdynamic -lpthreads 
/usr/bin/ld: cannot find -lpthreads
collect2: error: ld returned 1 exit status
CMakeFiles/cmTC_16f54.dir/build.make:97: recipe for target 'cmTC_16f54' failed
make[1]: *** [cmTC_16f54] Error 1
make[1]: Leaving directory '/home/kasun/catkin_ws/build/spacenav_node/CMakeFiles/CMakeTmp'
Makefile:126: recipe for target 'cmTC_16f54/fast' failed
make: *** [cmTC_16f54/fast] Error 2


