Determining if the pthread_create exist failed with the following output:
Change Dir: /home/kasun/catkin_ws/build/offboard_control/CMakeFiles/CMakeTmp

Run Build Command:"/usr/bin/make" "cmTC_01f78/fast"
/usr/bin/make -f CMakeFiles/cmTC_01f78.dir/build.make CMakeFiles/cmTC_01f78.dir/build
make[1]: Entering directory '/home/kasun/catkin_ws/build/offboard_control/CMakeFiles/CMakeTmp'
Building C object CMakeFiles/cmTC_01f78.dir/CheckSymbolExists.c.o
/usr/bin/cc     -o CMakeFiles/cmTC_01f78.dir/CheckSymbolExists.c.o   -c /home/kasun/catkin_ws/build/offboard_control/CMakeFiles/CMakeTmp/CheckSymbolExists.c
Linking C executable cmTC_01f78
/usr/bin/cmake -E cmake_link_script CMakeFiles/cmTC_01f78.dir/link.txt --verbose=1
/usr/bin/cc       CMakeFiles/cmTC_01f78.dir/CheckSymbolExists.c.o  -o cmTC_01f78 -rdynamic 
CMakeFiles/cmTC_01f78.dir/CheckSymbolExists.c.o: In function `main':
CheckSymbolExists.c:(.text+0x16): undefined reference to `pthread_create'
collect2: error: ld returned 1 exit status
CMakeFiles/cmTC_01f78.dir/build.make:97: recipe for target 'cmTC_01f78' failed
make[1]: *** [cmTC_01f78] Error 1
make[1]: Leaving directory '/home/kasun/catkin_ws/build/offboard_control/CMakeFiles/CMakeTmp'
Makefile:126: recipe for target 'cmTC_01f78/fast' failed
make: *** [cmTC_01f78/fast] Error 2

File /home/kasun/catkin_ws/build/offboard_control/CMakeFiles/CMakeTmp/CheckSymbolExists.c:
/* */
#include <pthread.h>

int main(int argc, char** argv)
{
  (void)argv;
#ifndef pthread_create
  return ((int*)(&pthread_create))[argc];
#else
  (void)argc;
  return 0;
#endif
}

Determining if the function pthread_create exists in the pthreads failed with the following output:
Change Dir: /home/kasun/catkin_ws/build/offboard_control/CMakeFiles/CMakeTmp

Run Build Command:"/usr/bin/make" "cmTC_0104e/fast"
/usr/bin/make -f CMakeFiles/cmTC_0104e.dir/build.make CMakeFiles/cmTC_0104e.dir/build
make[1]: Entering directory '/home/kasun/catkin_ws/build/offboard_control/CMakeFiles/CMakeTmp'
Building C object CMakeFiles/cmTC_0104e.dir/CheckFunctionExists.c.o
/usr/bin/cc    -DCHECK_FUNCTION_EXISTS=pthread_create   -o CMakeFiles/cmTC_0104e.dir/CheckFunctionExists.c.o   -c /usr/share/cmake-3.5/Modules/CheckFunctionExists.c
Linking C executable cmTC_0104e
/usr/bin/cmake -E cmake_link_script CMakeFiles/cmTC_0104e.dir/link.txt --verbose=1
/usr/bin/cc   -DCHECK_FUNCTION_EXISTS=pthread_create    CMakeFiles/cmTC_0104e.dir/CheckFunctionExists.c.o  -o cmTC_0104e -rdynamic -lpthreads 
/usr/bin/ld: cannot find -lpthreads
collect2: error: ld returned 1 exit status
CMakeFiles/cmTC_0104e.dir/build.make:97: recipe for target 'cmTC_0104e' failed
make[1]: *** [cmTC_0104e] Error 1
make[1]: Leaving directory '/home/kasun/catkin_ws/build/offboard_control/CMakeFiles/CMakeTmp'
Makefile:126: recipe for target 'cmTC_0104e/fast' failed
make: *** [cmTC_0104e/fast] Error 2


