Determining if the pthread_create exist failed with the following output:
Change Dir: /home/kasun/catkin_ws/build/beginner_tutorials/CMakeFiles/CMakeTmp

Run Build Command:"/usr/bin/make" "cmTC_5535f/fast"
/usr/bin/make -f CMakeFiles/cmTC_5535f.dir/build.make CMakeFiles/cmTC_5535f.dir/build
make[1]: Entering directory '/home/kasun/catkin_ws/build/beginner_tutorials/CMakeFiles/CMakeTmp'
Building C object CMakeFiles/cmTC_5535f.dir/CheckSymbolExists.c.o
/usr/bin/cc     -o CMakeFiles/cmTC_5535f.dir/CheckSymbolExists.c.o   -c /home/kasun/catkin_ws/build/beginner_tutorials/CMakeFiles/CMakeTmp/CheckSymbolExists.c
Linking C executable cmTC_5535f
/usr/bin/cmake -E cmake_link_script CMakeFiles/cmTC_5535f.dir/link.txt --verbose=1
/usr/bin/cc       CMakeFiles/cmTC_5535f.dir/CheckSymbolExists.c.o  -o cmTC_5535f -rdynamic 
CMakeFiles/cmTC_5535f.dir/CheckSymbolExists.c.o: In function `main':
CheckSymbolExists.c:(.text+0x16): undefined reference to `pthread_create'
collect2: error: ld returned 1 exit status
CMakeFiles/cmTC_5535f.dir/build.make:97: recipe for target 'cmTC_5535f' failed
make[1]: *** [cmTC_5535f] Error 1
make[1]: Leaving directory '/home/kasun/catkin_ws/build/beginner_tutorials/CMakeFiles/CMakeTmp'
Makefile:126: recipe for target 'cmTC_5535f/fast' failed
make: *** [cmTC_5535f/fast] Error 2

File /home/kasun/catkin_ws/build/beginner_tutorials/CMakeFiles/CMakeTmp/CheckSymbolExists.c:
/* */
#include <pthread.h>

int main(int argc, char** argv)
{
  (void)argv;
#ifndef pthread_create
  return ((int*)(&pthread_create))[argc];
#else
  (void)argc;
  return 0;
#endif
}

Determining if the function pthread_create exists in the pthreads failed with the following output:
Change Dir: /home/kasun/catkin_ws/build/beginner_tutorials/CMakeFiles/CMakeTmp

Run Build Command:"/usr/bin/make" "cmTC_f9aff/fast"
/usr/bin/make -f CMakeFiles/cmTC_f9aff.dir/build.make CMakeFiles/cmTC_f9aff.dir/build
make[1]: Entering directory '/home/kasun/catkin_ws/build/beginner_tutorials/CMakeFiles/CMakeTmp'
Building C object CMakeFiles/cmTC_f9aff.dir/CheckFunctionExists.c.o
/usr/bin/cc    -DCHECK_FUNCTION_EXISTS=pthread_create   -o CMakeFiles/cmTC_f9aff.dir/CheckFunctionExists.c.o   -c /usr/share/cmake-3.5/Modules/CheckFunctionExists.c
Linking C executable cmTC_f9aff
/usr/bin/cmake -E cmake_link_script CMakeFiles/cmTC_f9aff.dir/link.txt --verbose=1
/usr/bin/cc   -DCHECK_FUNCTION_EXISTS=pthread_create    CMakeFiles/cmTC_f9aff.dir/CheckFunctionExists.c.o  -o cmTC_f9aff -rdynamic -lpthreads 
/usr/bin/ld: cannot find -lpthreads
collect2: error: ld returned 1 exit status
CMakeFiles/cmTC_f9aff.dir/build.make:97: recipe for target 'cmTC_f9aff' failed
make[1]: *** [cmTC_f9aff] Error 1
make[1]: Leaving directory '/home/kasun/catkin_ws/build/beginner_tutorials/CMakeFiles/CMakeTmp'
Makefile:126: recipe for target 'cmTC_f9aff/fast' failed
make: *** [cmTC_f9aff/fast] Error 2


